2022-12-13 10:54:20.291 [main] DEBUG druid.sql.Statement:133 - {conn-10001, stmt-20000} created
2022-12-13 10:54:20.354 [main] DEBUG druid.sql.Statement:133 - {conn-10001, stmt-20000, rs-50000} query executed. 61.6516 millis. select 1
2022-12-13 10:54:20.355 [main] DEBUG druid.sql.Statement:133 - {conn-10001, stmt-20000} closed
2022-12-13 10:54:20.357 [main] DEBUG druid.sql.Statement:133 - {conn-10002, stmt-20001} created
2022-12-13 10:54:20.358 [main] DEBUG druid.sql.Statement:133 - {conn-10002, stmt-20001, rs-50001} query executed. 0.4278 millis. select 1
2022-12-13 10:54:20.358 [main] DEBUG druid.sql.Statement:133 - {conn-10002, stmt-20001} closed
2022-12-13 10:54:20.361 [main] DEBUG druid.sql.Statement:133 - {conn-10003, stmt-20002} created
2022-12-13 10:54:20.371 [main] DEBUG druid.sql.Statement:133 - {conn-10003, stmt-20002, rs-50002} query executed. 0.5933 millis. select 1
2022-12-13 10:54:20.371 [main] DEBUG druid.sql.Statement:133 - {conn-10003, stmt-20002} closed
2022-12-13 10:54:20.375 [main] DEBUG druid.sql.Statement:133 - {conn-10004, stmt-20003} created
2022-12-13 10:54:20.376 [main] DEBUG druid.sql.Statement:133 - {conn-10004, stmt-20003, rs-50003} query executed. 0.3291 millis. select 1
2022-12-13 10:54:20.376 [main] DEBUG druid.sql.Statement:133 - {conn-10004, stmt-20003} closed
2022-12-13 10:54:20.379 [main] DEBUG druid.sql.Statement:133 - {conn-10005, stmt-20004} created
2022-12-13 10:54:20.379 [main] DEBUG druid.sql.Statement:133 - {conn-10005, stmt-20004, rs-50004} query executed. 0.3179 millis. select 1
2022-12-13 10:54:20.379 [main] DEBUG druid.sql.Statement:133 - {conn-10005, stmt-20004} closed
2022-12-13 10:54:20.382 [main] DEBUG druid.sql.Statement:133 - {conn-10006, stmt-20005} created
2022-12-13 10:54:20.383 [main] DEBUG druid.sql.Statement:133 - {conn-10006, stmt-20005, rs-50005} query executed. 0.334 millis. select 1
2022-12-13 10:54:20.383 [main] DEBUG druid.sql.Statement:133 - {conn-10006, stmt-20005} closed
2022-12-13 10:54:20.387 [main] DEBUG druid.sql.Statement:133 - {conn-10007, stmt-20006} created
2022-12-13 10:54:20.387 [main] DEBUG druid.sql.Statement:133 - {conn-10007, stmt-20006, rs-50006} query executed. 0.3548 millis. select 1
2022-12-13 10:54:20.387 [main] DEBUG druid.sql.Statement:133 - {conn-10007, stmt-20006} closed
2022-12-13 10:54:20.390 [main] DEBUG druid.sql.Statement:133 - {conn-10008, stmt-20007} created
2022-12-13 10:54:20.391 [main] DEBUG druid.sql.Statement:133 - {conn-10008, stmt-20007, rs-50007} query executed. 0.3014 millis. select 1
2022-12-13 10:54:20.391 [main] DEBUG druid.sql.Statement:133 - {conn-10008, stmt-20007} closed
2022-12-13 10:54:20.395 [main] DEBUG druid.sql.Statement:133 - {conn-10009, stmt-20008} created
2022-12-13 10:54:20.395 [main] DEBUG druid.sql.Statement:133 - {conn-10009, stmt-20008, rs-50008} query executed. 0.3736 millis. select 1
2022-12-13 10:54:20.395 [main] DEBUG druid.sql.Statement:133 - {conn-10009, stmt-20008} closed
2022-12-13 10:54:20.399 [main] DEBUG druid.sql.Statement:133 - {conn-10010, stmt-20009} created
2022-12-13 10:54:20.399 [main] DEBUG druid.sql.Statement:133 - {conn-10010, stmt-20009, rs-50009} query executed. 0.2905 millis. select 1
2022-12-13 10:54:20.399 [main] DEBUG druid.sql.Statement:133 - {conn-10010, stmt-20009} closed
2022-12-13 10:56:20.401 [Druid-ConnectionPool-Destroy-1679741732] DEBUG druid.sql.Statement:133 - {conn-10010, stmt-20010} created
2022-12-13 10:56:20.403 [Druid-ConnectionPool-Destroy-1679741732] DEBUG druid.sql.Statement:133 - {conn-10010, stmt-20010, rs-50010} query executed. 1.4005 millis. select 1
2022-12-13 10:56:20.404 [Druid-ConnectionPool-Destroy-1679741732] DEBUG druid.sql.Statement:133 - {conn-10010, stmt-20010} closed
2022-12-13 10:56:20.404 [Druid-ConnectionPool-Destroy-1679741732] DEBUG druid.sql.Statement:133 - {conn-10009, stmt-20011} created
2022-12-13 10:56:20.404 [Druid-ConnectionPool-Destroy-1679741732] DEBUG druid.sql.Statement:133 - {conn-10009, stmt-20011, rs-50011} query executed. 0.5539 millis. select 1
2022-12-13 10:56:20.404 [Druid-ConnectionPool-Destroy-1679741732] DEBUG druid.sql.Statement:133 - {conn-10009, stmt-20011} closed
2022-12-13 10:56:20.405 [Druid-ConnectionPool-Destroy-1679741732] DEBUG druid.sql.Statement:133 - {conn-10008, stmt-20012} created
2022-12-13 10:56:20.405 [Druid-ConnectionPool-Destroy-1679741732] DEBUG druid.sql.Statement:133 - {conn-10008, stmt-20012, rs-50012} query executed. 0.4707 millis. select 1
2022-12-13 10:56:20.405 [Druid-ConnectionPool-Destroy-1679741732] DEBUG druid.sql.Statement:133 - {conn-10008, stmt-20012} closed
2022-12-13 10:56:20.406 [Druid-ConnectionPool-Destroy-1679741732] DEBUG druid.sql.Statement:133 - {conn-10007, stmt-20013} created
2022-12-13 10:56:20.406 [Druid-ConnectionPool-Destroy-1679741732] DEBUG druid.sql.Statement:133 - {conn-10007, stmt-20013, rs-50013} query executed. 0.457 millis. select 1
2022-12-13 10:56:20.406 [Druid-ConnectionPool-Destroy-1679741732] DEBUG druid.sql.Statement:133 - {conn-10007, stmt-20013} closed
2022-12-13 10:56:20.406 [Druid-ConnectionPool-Destroy-1679741732] DEBUG druid.sql.Statement:133 - {conn-10006, stmt-20014} created
2022-12-13 10:56:20.407 [Druid-ConnectionPool-Destroy-1679741732] DEBUG druid.sql.Statement:133 - {conn-10006, stmt-20014, rs-50014} query executed. 0.4035 millis. select 1
2022-12-13 10:56:20.407 [Druid-ConnectionPool-Destroy-1679741732] DEBUG druid.sql.Statement:133 - {conn-10006, stmt-20014} closed
2022-12-13 10:56:20.407 [Druid-ConnectionPool-Destroy-1679741732] DEBUG druid.sql.Statement:133 - {conn-10005, stmt-20015} created
2022-12-13 10:56:20.408 [Druid-ConnectionPool-Destroy-1679741732] DEBUG druid.sql.Statement:133 - {conn-10005, stmt-20015, rs-50015} query executed. 0.8333 millis. select 1
2022-12-13 10:56:20.408 [Druid-ConnectionPool-Destroy-1679741732] DEBUG druid.sql.Statement:133 - {conn-10005, stmt-20015} closed
2022-12-13 10:56:20.408 [Druid-ConnectionPool-Destroy-1679741732] DEBUG druid.sql.Statement:133 - {conn-10004, stmt-20016} created
2022-12-13 10:56:20.409 [Druid-ConnectionPool-Destroy-1679741732] DEBUG druid.sql.Statement:133 - {conn-10004, stmt-20016, rs-50016} query executed. 0.5894 millis. select 1
2022-12-13 10:56:20.409 [Druid-ConnectionPool-Destroy-1679741732] DEBUG druid.sql.Statement:133 - {conn-10004, stmt-20016} closed
2022-12-13 10:56:20.409 [Druid-ConnectionPool-Destroy-1679741732] DEBUG druid.sql.Statement:133 - {conn-10003, stmt-20017} created
2022-12-13 10:56:20.410 [Druid-ConnectionPool-Destroy-1679741732] DEBUG druid.sql.Statement:133 - {conn-10003, stmt-20017, rs-50017} query executed. 0.9291 millis. select 1
2022-12-13 10:56:20.411 [Druid-ConnectionPool-Destroy-1679741732] DEBUG druid.sql.Statement:133 - {conn-10003, stmt-20017} closed
2022-12-13 10:56:20.411 [Druid-ConnectionPool-Destroy-1679741732] DEBUG druid.sql.Statement:133 - {conn-10002, stmt-20018} created
2022-12-13 10:56:20.411 [Druid-ConnectionPool-Destroy-1679741732] DEBUG druid.sql.Statement:133 - {conn-10002, stmt-20018, rs-50018} query executed. 0.3657 millis. select 1
2022-12-13 10:56:20.411 [Druid-ConnectionPool-Destroy-1679741732] DEBUG druid.sql.Statement:133 - {conn-10002, stmt-20018} closed
2022-12-13 10:56:20.411 [Druid-ConnectionPool-Destroy-1679741732] DEBUG druid.sql.Statement:133 - {conn-10001, stmt-20019} created
2022-12-13 10:56:20.412 [Druid-ConnectionPool-Destroy-1679741732] DEBUG druid.sql.Statement:133 - {conn-10001, stmt-20019, rs-50019} query executed. 0.3639 millis. select 1
2022-12-13 10:56:20.413 [Druid-ConnectionPool-Destroy-1679741732] DEBUG druid.sql.Statement:133 - {conn-10001, stmt-20019} closed
2022-12-13 10:57:20.424 [Druid-ConnectionPool-Destroy-1679741732] DEBUG druid.sql.Statement:133 - {conn-10001, stmt-20020} created
2022-12-13 10:57:20.426 [Druid-ConnectionPool-Destroy-1679741732] DEBUG druid.sql.Statement:133 - {conn-10001, stmt-20020, rs-50020} query executed. 1.0271 millis. select 1
2022-12-13 10:57:20.426 [Druid-ConnectionPool-Destroy-1679741732] DEBUG druid.sql.Statement:133 - {conn-10001, stmt-20020} closed
2022-12-13 10:57:20.426 [Druid-ConnectionPool-Destroy-1679741732] DEBUG druid.sql.Statement:133 - {conn-10002, stmt-20021} created
2022-12-13 10:57:20.427 [Druid-ConnectionPool-Destroy-1679741732] DEBUG druid.sql.Statement:133 - {conn-10002, stmt-20021, rs-50021} query executed. 0.4497 millis. select 1
2022-12-13 10:57:20.427 [Druid-ConnectionPool-Destroy-1679741732] DEBUG druid.sql.Statement:133 - {conn-10002, stmt-20021} closed
2022-12-13 10:57:20.427 [Druid-ConnectionPool-Destroy-1679741732] DEBUG druid.sql.Statement:133 - {conn-10003, stmt-20022} created
2022-12-13 10:57:20.428 [Druid-ConnectionPool-Destroy-1679741732] DEBUG druid.sql.Statement:133 - {conn-10003, stmt-20022, rs-50022} query executed. 0.8773 millis. select 1
2022-12-13 10:57:20.428 [Druid-ConnectionPool-Destroy-1679741732] DEBUG druid.sql.Statement:133 - {conn-10003, stmt-20022} closed
2022-12-13 10:57:20.428 [Druid-ConnectionPool-Destroy-1679741732] DEBUG druid.sql.Statement:133 - {conn-10004, stmt-20023} created
2022-12-13 10:57:20.429 [Druid-ConnectionPool-Destroy-1679741732] DEBUG druid.sql.Statement:133 - {conn-10004, stmt-20023, rs-50023} query executed. 0.3299 millis. select 1
2022-12-13 10:57:20.429 [Druid-ConnectionPool-Destroy-1679741732] DEBUG druid.sql.Statement:133 - {conn-10004, stmt-20023} closed
2022-12-13 10:57:20.429 [Druid-ConnectionPool-Destroy-1679741732] DEBUG druid.sql.Statement:133 - {conn-10005, stmt-20024} created
2022-12-13 10:57:20.429 [Druid-ConnectionPool-Destroy-1679741732] DEBUG druid.sql.Statement:133 - {conn-10005, stmt-20024, rs-50024} query executed. 0.2104 millis. select 1
2022-12-13 10:57:20.429 [Druid-ConnectionPool-Destroy-1679741732] DEBUG druid.sql.Statement:133 - {conn-10005, stmt-20024} closed
2022-12-13 10:57:20.429 [Druid-ConnectionPool-Destroy-1679741732] DEBUG druid.sql.Statement:133 - {conn-10006, stmt-20025} created
2022-12-13 10:57:20.429 [Druid-ConnectionPool-Destroy-1679741732] DEBUG druid.sql.Statement:133 - {conn-10006, stmt-20025, rs-50025} query executed. 0.1803 millis. select 1
2022-12-13 10:57:20.429 [Druid-ConnectionPool-Destroy-1679741732] DEBUG druid.sql.Statement:133 - {conn-10006, stmt-20025} closed
2022-12-13 10:57:20.430 [Druid-ConnectionPool-Destroy-1679741732] DEBUG druid.sql.Statement:133 - {conn-10007, stmt-20026} created
2022-12-13 10:57:20.430 [Druid-ConnectionPool-Destroy-1679741732] DEBUG druid.sql.Statement:133 - {conn-10007, stmt-20026, rs-50026} query executed. 0.2472 millis. select 1
2022-12-13 10:57:20.430 [Druid-ConnectionPool-Destroy-1679741732] DEBUG druid.sql.Statement:133 - {conn-10007, stmt-20026} closed
2022-12-13 10:57:20.430 [Druid-ConnectionPool-Destroy-1679741732] DEBUG druid.sql.Statement:133 - {conn-10008, stmt-20027} created
2022-12-13 10:57:20.430 [Druid-ConnectionPool-Destroy-1679741732] DEBUG druid.sql.Statement:133 - {conn-10008, stmt-20027, rs-50027} query executed. 0.2575 millis. select 1
2022-12-13 10:57:20.430 [Druid-ConnectionPool-Destroy-1679741732] DEBUG druid.sql.Statement:133 - {conn-10008, stmt-20027} closed
2022-12-13 10:57:20.430 [Druid-ConnectionPool-Destroy-1679741732] DEBUG druid.sql.Statement:133 - {conn-10009, stmt-20028} created
2022-12-13 10:57:20.431 [Druid-ConnectionPool-Destroy-1679741732] DEBUG druid.sql.Statement:133 - {conn-10009, stmt-20028, rs-50028} query executed. 0.2847 millis. select 1
2022-12-13 10:57:20.431 [Druid-ConnectionPool-Destroy-1679741732] DEBUG druid.sql.Statement:133 - {conn-10009, stmt-20028} closed
2022-12-13 10:57:20.431 [Druid-ConnectionPool-Destroy-1679741732] DEBUG druid.sql.Statement:133 - {conn-10010, stmt-20029} created
2022-12-13 10:57:20.431 [Druid-ConnectionPool-Destroy-1679741732] DEBUG druid.sql.Statement:133 - {conn-10010, stmt-20029, rs-50029} query executed. 0.2211 millis. select 1
2022-12-13 10:57:20.431 [Druid-ConnectionPool-Destroy-1679741732] DEBUG druid.sql.Statement:133 - {conn-10010, stmt-20029} closed
2022-12-13 10:58:20.445 [Druid-ConnectionPool-Destroy-1679741732] DEBUG druid.sql.Statement:133 - {conn-10010, stmt-20030} created
2022-12-13 10:58:20.446 [Druid-ConnectionPool-Destroy-1679741732] DEBUG druid.sql.Statement:133 - {conn-10010, stmt-20030, rs-50030} query executed. 0.5584 millis. select 1
2022-12-13 10:58:20.446 [Druid-ConnectionPool-Destroy-1679741732] DEBUG druid.sql.Statement:133 - {conn-10010, stmt-20030} closed
2022-12-13 10:58:20.446 [Druid-ConnectionPool-Destroy-1679741732] DEBUG druid.sql.Statement:133 - {conn-10009, stmt-20031} created
2022-12-13 10:58:20.446 [Druid-ConnectionPool-Destroy-1679741732] DEBUG druid.sql.Statement:133 - {conn-10009, stmt-20031, rs-50031} query executed. 0.3679 millis. select 1
2022-12-13 10:58:20.447 [Druid-ConnectionPool-Destroy-1679741732] DEBUG druid.sql.Statement:133 - {conn-10009, stmt-20031} closed
2022-12-13 10:58:20.448 [Druid-ConnectionPool-Destroy-1679741732] DEBUG druid.sql.Statement:133 - {conn-10008, stmt-20032} created
2022-12-13 10:58:20.448 [Druid-ConnectionPool-Destroy-1679741732] DEBUG druid.sql.Statement:133 - {conn-10008, stmt-20032, rs-50032} query executed. 0.2221 millis. select 1
2022-12-13 10:58:20.448 [Druid-ConnectionPool-Destroy-1679741732] DEBUG druid.sql.Statement:133 - {conn-10008, stmt-20032} closed
2022-12-13 10:58:20.448 [Druid-ConnectionPool-Destroy-1679741732] DEBUG druid.sql.Statement:133 - {conn-10007, stmt-20033} created
2022-12-13 10:58:20.448 [Druid-ConnectionPool-Destroy-1679741732] DEBUG druid.sql.Statement:133 - {conn-10007, stmt-20033, rs-50033} query executed. 0.2048 millis. select 1
2022-12-13 10:58:20.448 [Druid-ConnectionPool-Destroy-1679741732] DEBUG druid.sql.Statement:133 - {conn-10007, stmt-20033} closed
2022-12-13 10:58:20.448 [Druid-ConnectionPool-Destroy-1679741732] DEBUG druid.sql.Statement:133 - {conn-10006, stmt-20034} created
2022-12-13 10:58:20.449 [Druid-ConnectionPool-Destroy-1679741732] DEBUG druid.sql.Statement:133 - {conn-10006, stmt-20034, rs-50034} query executed. 0.3739 millis. select 1
2022-12-13 10:58:20.449 [Druid-ConnectionPool-Destroy-1679741732] DEBUG druid.sql.Statement:133 - {conn-10006, stmt-20034} closed
2022-12-13 10:58:20.449 [Druid-ConnectionPool-Destroy-1679741732] DEBUG druid.sql.Statement:133 - {conn-10005, stmt-20035} created
2022-12-13 10:58:20.449 [Druid-ConnectionPool-Destroy-1679741732] DEBUG druid.sql.Statement:133 - {conn-10005, stmt-20035, rs-50035} query executed. 0.3367 millis. select 1
2022-12-13 10:58:20.450 [Druid-ConnectionPool-Destroy-1679741732] DEBUG druid.sql.Statement:133 - {conn-10005, stmt-20035} closed
2022-12-13 10:58:20.450 [Druid-ConnectionPool-Destroy-1679741732] DEBUG druid.sql.Statement:133 - {conn-10004, stmt-20036} created
2022-12-13 10:58:20.450 [Druid-ConnectionPool-Destroy-1679741732] DEBUG druid.sql.Statement:133 - {conn-10004, stmt-20036, rs-50036} query executed. 0.3401 millis. select 1
2022-12-13 10:58:20.450 [Druid-ConnectionPool-Destroy-1679741732] DEBUG druid.sql.Statement:133 - {conn-10004, stmt-20036} closed
2022-12-13 10:58:20.450 [Druid-ConnectionPool-Destroy-1679741732] DEBUG druid.sql.Statement:133 - {conn-10003, stmt-20037} created
2022-12-13 10:58:20.450 [Druid-ConnectionPool-Destroy-1679741732] DEBUG druid.sql.Statement:133 - {conn-10003, stmt-20037, rs-50037} query executed. 0.2653 millis. select 1
2022-12-13 10:58:20.451 [Druid-ConnectionPool-Destroy-1679741732] DEBUG druid.sql.Statement:133 - {conn-10003, stmt-20037} closed
2022-12-13 10:58:20.451 [Druid-ConnectionPool-Destroy-1679741732] DEBUG druid.sql.Statement:133 - {conn-10002, stmt-20038} created
2022-12-13 10:58:20.451 [Druid-ConnectionPool-Destroy-1679741732] DEBUG druid.sql.Statement:133 - {conn-10002, stmt-20038, rs-50038} query executed. 0.3238 millis. select 1
2022-12-13 10:58:20.451 [Druid-ConnectionPool-Destroy-1679741732] DEBUG druid.sql.Statement:133 - {conn-10002, stmt-20038} closed
2022-12-13 10:58:20.451 [Druid-ConnectionPool-Destroy-1679741732] DEBUG druid.sql.Statement:133 - {conn-10001, stmt-20039} created
2022-12-13 10:58:20.451 [Druid-ConnectionPool-Destroy-1679741732] DEBUG druid.sql.Statement:133 - {conn-10001, stmt-20039, rs-50039} query executed. 0.3231 millis. select 1
2022-12-13 10:58:20.452 [Druid-ConnectionPool-Destroy-1679741732] DEBUG druid.sql.Statement:133 - {conn-10001, stmt-20039} closed
2022-12-13 10:59:20.471 [Druid-ConnectionPool-Destroy-1679741732] DEBUG druid.sql.Statement:133 - {conn-10001, stmt-20040} created
2022-12-13 10:59:20.472 [Druid-ConnectionPool-Destroy-1679741732] DEBUG druid.sql.Statement:133 - {conn-10001, stmt-20040, rs-50040} query executed. 0.5185 millis. select 1
2022-12-13 10:59:20.472 [Druid-ConnectionPool-Destroy-1679741732] DEBUG druid.sql.Statement:133 - {conn-10001, stmt-20040} closed
2022-12-13 10:59:20.472 [Druid-ConnectionPool-Destroy-1679741732] DEBUG druid.sql.Statement:133 - {conn-10002, stmt-20041} created
2022-12-13 10:59:20.472 [Druid-ConnectionPool-Destroy-1679741732] DEBUG druid.sql.Statement:133 - {conn-10002, stmt-20041, rs-50041} query executed. 0.3946 millis. select 1
2022-12-13 10:59:20.473 [Druid-ConnectionPool-Destroy-1679741732] DEBUG druid.sql.Statement:133 - {conn-10002, stmt-20041} closed
2022-12-13 10:59:20.473 [Druid-ConnectionPool-Destroy-1679741732] DEBUG druid.sql.Statement:133 - {conn-10003, stmt-20042} created
2022-12-13 10:59:20.473 [Druid-ConnectionPool-Destroy-1679741732] DEBUG druid.sql.Statement:133 - {conn-10003, stmt-20042, rs-50042} query executed. 0.3581 millis. select 1
2022-12-13 10:59:20.473 [Druid-ConnectionPool-Destroy-1679741732] DEBUG druid.sql.Statement:133 - {conn-10003, stmt-20042} closed
2022-12-13 10:59:20.473 [Druid-ConnectionPool-Destroy-1679741732] DEBUG druid.sql.Statement:133 - {conn-10004, stmt-20043} created
2022-12-13 10:59:20.474 [Druid-ConnectionPool-Destroy-1679741732] DEBUG druid.sql.Statement:133 - {conn-10004, stmt-20043, rs-50043} query executed. 0.3134 millis. select 1
2022-12-13 10:59:20.474 [Druid-ConnectionPool-Destroy-1679741732] DEBUG druid.sql.Statement:133 - {conn-10004, stmt-20043} closed
2022-12-13 10:59:20.474 [Druid-ConnectionPool-Destroy-1679741732] DEBUG druid.sql.Statement:133 - {conn-10005, stmt-20044} created
2022-12-13 10:59:20.474 [Druid-ConnectionPool-Destroy-1679741732] DEBUG druid.sql.Statement:133 - {conn-10005, stmt-20044, rs-50044} query executed. 0.2524 millis. select 1
2022-12-13 10:59:20.474 [Druid-ConnectionPool-Destroy-1679741732] DEBUG druid.sql.Statement:133 - {conn-10005, stmt-20044} closed
2022-12-13 11:00:20.484 [Druid-ConnectionPool-Destroy-1679741732] DEBUG druid.sql.Statement:133 - {conn-10005, stmt-20045} created
2022-12-13 11:00:20.486 [Druid-ConnectionPool-Destroy-1679741732] DEBUG druid.sql.Statement:133 - {conn-10005, stmt-20045, rs-50045} query executed. 1.0014 millis. select 1
2022-12-13 11:00:20.486 [Druid-ConnectionPool-Destroy-1679741732] DEBUG druid.sql.Statement:133 - {conn-10005, stmt-20045} closed
2022-12-13 11:00:20.486 [Druid-ConnectionPool-Destroy-1679741732] DEBUG druid.sql.Statement:133 - {conn-10004, stmt-20046} created
2022-12-13 11:00:20.487 [Druid-ConnectionPool-Destroy-1679741732] DEBUG druid.sql.Statement:133 - {conn-10004, stmt-20046, rs-50046} query executed. 0.461 millis. select 1
2022-12-13 11:00:20.487 [Druid-ConnectionPool-Destroy-1679741732] DEBUG druid.sql.Statement:133 - {conn-10004, stmt-20046} closed
2022-12-13 11:00:20.487 [Druid-ConnectionPool-Destroy-1679741732] DEBUG druid.sql.Statement:133 - {conn-10003, stmt-20047} created
2022-12-13 11:00:20.487 [Druid-ConnectionPool-Destroy-1679741732] DEBUG druid.sql.Statement:133 - {conn-10003, stmt-20047, rs-50047} query executed. 0.3294 millis. select 1
2022-12-13 11:00:20.488 [Druid-ConnectionPool-Destroy-1679741732] DEBUG druid.sql.Statement:133 - {conn-10003, stmt-20047} closed
2022-12-13 11:00:20.488 [Druid-ConnectionPool-Destroy-1679741732] DEBUG druid.sql.Statement:133 - {conn-10002, stmt-20048} created
2022-12-13 11:00:20.489 [Druid-ConnectionPool-Destroy-1679741732] DEBUG druid.sql.Statement:133 - {conn-10002, stmt-20048, rs-50048} query executed. 0.6649 millis. select 1
2022-12-13 11:00:20.489 [Druid-ConnectionPool-Destroy-1679741732] DEBUG druid.sql.Statement:133 - {conn-10002, stmt-20048} closed
2022-12-13 11:00:20.489 [Druid-ConnectionPool-Destroy-1679741732] DEBUG druid.sql.Statement:133 - {conn-10001, stmt-20049} created
2022-12-13 11:00:20.490 [Druid-ConnectionPool-Destroy-1679741732] DEBUG druid.sql.Statement:133 - {conn-10001, stmt-20049, rs-50049} query executed. 0.5461 millis. select 1
2022-12-13 11:00:20.490 [Druid-ConnectionPool-Destroy-1679741732] DEBUG druid.sql.Statement:133 - {conn-10001, stmt-20049} closed
2022-12-13 11:01:20.503 [Druid-ConnectionPool-Destroy-1679741732] DEBUG druid.sql.Statement:133 - {conn-10001, stmt-20050} created
2022-12-13 11:01:20.504 [Druid-ConnectionPool-Destroy-1679741732] DEBUG druid.sql.Statement:133 - {conn-10001, stmt-20050, rs-50050} query executed. 0.8104 millis. select 1
2022-12-13 11:01:20.504 [Druid-ConnectionPool-Destroy-1679741732] DEBUG druid.sql.Statement:133 - {conn-10001, stmt-20050} closed
2022-12-13 11:01:20.504 [Druid-ConnectionPool-Destroy-1679741732] DEBUG druid.sql.Statement:133 - {conn-10002, stmt-20051} created
2022-12-13 11:01:20.505 [Druid-ConnectionPool-Destroy-1679741732] DEBUG druid.sql.Statement:133 - {conn-10002, stmt-20051, rs-50051} query executed. 0.49 millis. select 1
2022-12-13 11:01:20.505 [Druid-ConnectionPool-Destroy-1679741732] DEBUG druid.sql.Statement:133 - {conn-10002, stmt-20051} closed
2022-12-13 11:01:20.505 [Druid-ConnectionPool-Destroy-1679741732] DEBUG druid.sql.Statement:133 - {conn-10003, stmt-20052} created
2022-12-13 11:01:20.506 [Druid-ConnectionPool-Destroy-1679741732] DEBUG druid.sql.Statement:133 - {conn-10003, stmt-20052, rs-50052} query executed. 0.3704 millis. select 1
2022-12-13 11:01:20.506 [Druid-ConnectionPool-Destroy-1679741732] DEBUG druid.sql.Statement:133 - {conn-10003, stmt-20052} closed
2022-12-13 11:01:20.506 [Druid-ConnectionPool-Destroy-1679741732] DEBUG druid.sql.Statement:133 - {conn-10004, stmt-20053} created
2022-12-13 11:01:20.507 [Druid-ConnectionPool-Destroy-1679741732] DEBUG druid.sql.Statement:133 - {conn-10004, stmt-20053, rs-50053} query executed. 0.4257 millis. select 1
2022-12-13 11:01:20.507 [Druid-ConnectionPool-Destroy-1679741732] DEBUG druid.sql.Statement:133 - {conn-10004, stmt-20053} closed
2022-12-13 11:01:20.507 [Druid-ConnectionPool-Destroy-1679741732] DEBUG druid.sql.Statement:133 - {conn-10005, stmt-20054} created
2022-12-13 11:01:20.507 [Druid-ConnectionPool-Destroy-1679741732] DEBUG druid.sql.Statement:133 - {conn-10005, stmt-20054, rs-50054} query executed. 0.3005 millis. select 1
2022-12-13 11:01:20.507 [Druid-ConnectionPool-Destroy-1679741732] DEBUG druid.sql.Statement:133 - {conn-10005, stmt-20054} closed
